npm warn deprecated inflight@1.0.6: This module is not supported, and leaks memory. Do not use it. Check out lru-cache if you want a good and tested way to coalesce async requests by a key value, which is much more comprehensive and powerful.
npm warn deprecated @humanwhocodes/config-array@0.13.0: Use @eslint/config-array instead
npm warn deprecated rimraf@3.0.2: Rimraf versions prior to v4 are no longer supported
npm warn deprecated glob@7.2.3: Glob versions prior to v9 are no longer supported
npm warn deprecated @humanwhocodes/object-schema@2.0.3: Use @eslint/object-schema instead
npm warn deprecated eslint@8.57.1: This version is no longer supported. Please see https://eslint.org/version-support for other options.
npm error code 1
npm error path /Volumes/BigSSD4/nathanielschmiedehaus/Documents/WeatherVane/tools/wvo_mcp/node_modules/better-sqlite3
npm error command failed
npm error command sh -c prebuild-install || node-gyp rebuild --release
npm error TOUCH ba23eeee118cd63e16015df367567cb043fed872.intermediate
npm error   ACTION deps_sqlite3_gyp_locate_sqlite3_target_copy_builtin_sqlite3 ba23eeee118cd63e16015df367567cb043fed872.intermediate
npm error   TOUCH Release/obj.target/deps/locate_sqlite3.stamp
npm error   CC(target) Release/obj.target/sqlite3/gen/sqlite3/sqlite3.o
npm error   LIBTOOL-STATIC Release/sqlite3.a
npm error   CXX(target) Release/obj.target/better_sqlite3/src/better_sqlite3.o
npm error rm ba23eeee118cd63e16015df367567cb043fed872.intermediate
npm error (node:49244) [DEP0176] DeprecationWarning: fs.R_OK is deprecated, use fs.constants.R_OK instead
npm error (Use `node --trace-deprecation ...` to show where the warning was created)
npm error prebuild-install warn install No prebuilt binaries found (target=24.10.0 runtime=node arch=arm64 libc= platform=darwin)
npm error gyp info it worked if it ends with ok
npm error gyp info using node-gyp@11.2.0
npm error gyp info using node@24.10.0 | darwin | arm64
npm error gyp info find Python using Python version 3.11.2 found at "/Library/Frameworks/Python.framework/Versions/3.11/bin/python3"
npm error gyp info spawn /Library/Frameworks/Python.framework/Versions/3.11/bin/python3
npm error gyp info spawn args [
npm error gyp info spawn args '/opt/homebrew/lib/node_modules/npm/node_modules/node-gyp/gyp/gyp_main.py',
npm error gyp info spawn args 'binding.gyp',
npm error gyp info spawn args '-f',
npm error gyp info spawn args 'make',
npm error gyp info spawn args '-I',
npm error gyp info spawn args '/Volumes/BigSSD4/nathanielschmiedehaus/Documents/WeatherVane/tools/wvo_mcp/node_modules/better-sqlite3/build/config.gypi',
npm error gyp info spawn args '-I',
npm error gyp info spawn args '/opt/homebrew/lib/node_modules/npm/node_modules/node-gyp/addon.gypi',
npm error gyp info spawn args '-I',
npm error gyp info spawn args '/Volumes/BigSSD4/nathanielschmiedehaus/Library/Caches/node-gyp/24.10.0/include/node/common.gypi',
npm error gyp info spawn args '-Dlibrary=shared_library',
npm error gyp info spawn args '-Dvisibility=default',
npm error gyp info spawn args '-Dnode_root_dir=/Volumes/BigSSD4/nathanielschmiedehaus/Library/Caches/node-gyp/24.10.0',
npm error gyp info spawn args '-Dnode_gyp_dir=/opt/homebrew/lib/node_modules/npm/node_modules/node-gyp',
npm error gyp info spawn args '-Dnode_lib_file=/Volumes/BigSSD4/nathanielschmiedehaus/Library/Caches/node-gyp/24.10.0/<(target_arch)/node.lib',
npm error gyp info spawn args '-Dmodule_root_dir=/Volumes/BigSSD4/nathanielschmiedehaus/Documents/WeatherVane/tools/wvo_mcp/node_modules/better-sqlite3',
npm error gyp info spawn args '-Dnode_engine=v8',
npm error gyp info spawn args '--depth=.',
npm error gyp info spawn args '--no-parallel',
npm error gyp info spawn args '--generator-output',
npm error gyp info spawn args 'build',
npm error gyp info spawn args '-Goutput_dir=.'
npm error gyp info spawn args ]
npm error gyp info spawn make
npm error gyp info spawn args [ 'BUILDTYPE=Release', '-C', 'build' ]
npm error In file included from ../src/better_sqlite3.cpp:4:
npm error ./src/better_sqlite3.lzz:2:10: fatal error: 'climits' file not found
npm error     2 | #include <climits>
npm error       |          ^~~~~~~~~
npm error 1 error generated.
npm error make: *** [Release/obj.target/better_sqlite3/src/better_sqlite3.o] Error 1
npm error gyp ERR! build error 
npm error gyp ERR! stack Error: `make` failed with exit code: 2
npm error gyp ERR! stack at ChildProcess.<anonymous> (/opt/homebrew/lib/node_modules/npm/node_modules/node-gyp/lib/build.js:219:23)
npm error gyp ERR! System Darwin 24.6.0
npm error gyp ERR! command "/opt/homebrew/Cellar/node/24.10.0/bin/node" "/opt/homebrew/lib/node_modules/npm/node_modules/node-gyp/bin/node-gyp.js" "rebuild" "--release"
npm error gyp ERR! cwd /Volumes/BigSSD4/nathanielschmiedehaus/Documents/WeatherVane/tools/wvo_mcp/node_modules/better-sqlite3
npm error gyp ERR! node -v v24.10.0
npm error gyp ERR! node-gyp -v v11.2.0
npm error gyp ERR! not ok
npm error A complete log of this run can be found in: /Volumes/BigSSD4/nathanielschmiedehaus/.npm/_logs/2025-11-05T07_42_11_904Z-debug-0.log
