{"timestamp":"2025-11-06T19:38:35.237Z","ci":false,"dryRun":false,"overallStatus":"pass","results":[{"name":"process_critic_tests","status":"pass","durationMs":5908,"output":"> wvo-mcp-server@0.1.0 pretest\n> node ./scripts/ensure-sqlite-build.mjs\n\n\n> wvo-mcp-server@0.1.0 test\n> node ./scripts/run_vitest.mjs process_critic\n\n\n> wvo-mcp-server@0.1.0 build\n> tsc --project tsconfig.json\n\n\n RUN  v3.2.4 /Volumes/BigSSD4/nathanielschmiedehaus/Documents/WeatherVane/tools/wvo_mcp\n\n ✓ src/critics/__tests__/process_critic.test.ts (12 tests) 976ms\n\n Test Files  1 passed (1)\n      Tests  12 passed (12)\n   Start at  13:38:33\n   Duration  1.40s (transform 135ms, setup 0ms, collect 160ms, tests 976ms, environment 0ms, prepare 45ms)"},{"name":"rotate_overrides_dry_run","status":"pass","durationMs":38,"output":"No overrides older than threshold. Entries kept: 12. Warnings:"},{"name":"daily_audit_fresh","status":"pass","info":{"latest":"AFP-ARTIFACT-AUDIT-20251106","summaryExists":true,"hoursSince":19.64}},{"name":"wave0_proof_evidence","status":"pass","missing":[]}]}
{"timestamp":"2025-11-06T21:03:11.665Z","ci":false,"dryRun":false,"overallStatus":"pass","results":[{"name":"process_critic_tests","status":"pass","durationMs":8673,"output":"> wvo-mcp-server@0.1.0 pretest\n> node ./scripts/ensure-sqlite-build.mjs\n\n\n> wvo-mcp-server@0.1.0 test\n> node ./scripts/run_vitest.mjs process_critic\n\n\n> wvo-mcp-server@0.1.0 build\n> tsc --project tsconfig.json\n\n\n RUN  v3.2.4 /Volumes/BigSSD4/nathanielschmiedehaus/Documents/WeatherVane/tools/wvo_mcp\n\n ✓ src/critics/__tests__/process_critic.test.ts (12 tests) 1140ms\n\n Test Files  1 passed (1)\n      Tests  12 passed (12)\n   Start at  15:03:09\n   Duration  1.60s (transform 143ms, setup 0ms, collect 182ms, tests 1.14s, environment 0ms, prepare 47ms)"},{"name":"rotate_overrides_dry_run","status":"pass","durationMs":42,"output":"No overrides older than threshold. Entries kept: 20. Warnings:"},{"name":"daily_audit_fresh","status":"pass","info":{"latest":"AFP-ARTIFACT-AUDIT-20251106","summaryExists":true,"hoursSince":21.05}},{"name":"wave0_proof_evidence","status":"pass","missing":[]}]}
{"timestamp":"2025-11-16T12:54:04.291Z","ci":false,"dryRun":false,"overallStatus":"fail","results":[{"name":"process_critic_tests","status":"fail","durationMs":6351,"output":"> wvo-mcp-server@0.1.0 pretest\n> node ./scripts/ensure-sqlite-build.mjs\n\n\n> wvo-mcp-server@0.1.0 test\n> node ./scripts/run_vitest.mjs process_critic\n\n\n> wvo-mcp-server@0.1.0 build\n> tsc --project tsconfig.json\n\n\n RUN  v3.2.4 /Volumes/BigSSD4/nathanielschmiedehaus/Documents/WeatherVane/tools/wvo_mcp\n\n ❯ src/critics/__tests__/process_critic.test.ts (12 tests | 4 failed) 921ms\n   ✓ ProcessCritic > fails when plan lacks PLAN-authored tests section 89ms\n   ✓ ProcessCritic > fails when tests section defers work 71ms\n   × ProcessCritic > passes when tests section lists concrete tests 74ms\n     → expected false to be true // Object.is equality\n   × ProcessCritic > allows docs-only plan when explicitly marked 71ms\n     → expected false to be true // Object.is equality\n   ✓ ProcessCritic > blocks new test files without corresponding PLAN entry 74ms\n   ✓ ProcessCritic > allows new test file when PLAN already references it 100ms\n   ✓ ProcessCritic > fails when autopilot plan lacks Wave 0 live keyword 71ms\n   × ProcessCritic > passes when autopilot plan lists Wave 0 live smoke 70ms\n     → expected false to be true // Object.is equality\n   ✓ ProcessCritic > fails when autopilot code changes without plan update 71ms\n   ✓ ProcessCritic > fails when daily artifact audit is missing 70ms\n   ✓ ProcessCritic > fails when override ledger contains stale entries 80ms\n   × ProcessCritic > passes when daily audit exists and overrides are fresh 79ms\n     → expected false to be true // Object.is equality\n\n Test Files  1 failed (1)\n      Tests  4 failed | 8 passed (12)\n   Start at  06:54:02\n   Duration  1.32s (transform 157ms, setup 0ms, collect 182ms, tests 921ms, environment 0ms, prepare 53ms)","error":"{\"level\":\"warning\",\"message\":\"Escalation audit trail may have gaps\",\"timestamp\":\"2025-11-16T12:54:03.282Z\",\"critic\":\"process\",\"status\":\"escalate\"}\n{\"level\":\"warning\",\"message\":\"Escalation audit trail may have gaps\",\"timestamp\":\"2025-11-16T12:54:03.354Z\",\"critic\":\"process\",\"status\":\"escalate\"}\n{\"level\":\"warning\",\"message\":\"Escalation audit trail may have gaps\",\"timestamp\":\"2025-11-16T12:54:03.425Z\",\"critic\":\"process\",\"status\":\"escalate\"}\n{\"level\":\"warning\",\"message\":\"Escalation audit trail may have gaps\",\"timestamp\":\"2025-11-16T12:54:03.499Z\",\"critic\":\"process\",\"status\":\"escalate\"}\n{\"level\":\"warning\",\"message\":\"Escalation audit trail may have gaps\",\"timestamp\":\"2025-11-16T12:54:03.574Z\",\"critic\":\"process\",\"status\":\"escalate\"}\n{\"level\":\"warning\",\"message\":\"Escalation audit trail may have gaps\",\"timestamp\":\"2025-11-16T12:54:03.744Z\",\"critic\":\"process\",\"status\":\"escalate\"}\n{\"level\":\"warning\",\"message\":\"Escalation audit trail may have gaps\",\"timestamp\":\"2025-11-16T12:54:03.814Z\",\"critic\":\"process\",\"status\":\"escalate\"}\n{\"level\":\"warning\",\"message\":\"Escalation audit trail may have gaps\",\"timestamp\":\"2025-11-16T12:54:03.885Z\",\"critic\":\"process\",\"status\":\"escalate\"}\n{\"level\":\"warning\",\"message\":\"Escalation audit trail may have gaps\",\"timestamp\":\"2025-11-16T12:54:03.955Z\",\"critic\":\"process\",\"status\":\"escalate\"}\n{\"level\":\"warning\",\"message\":\"Escalation audit trail may have gaps\",\"timestamp\":\"2025-11-16T12:54:04.035Z\",\"critic\":\"process\",\"status\":\"escalate\"}\n{\"level\":\"warning\",\"message\":\"Escalation audit trail may have gaps\",\"timestamp\":\"2025-11-16T12:54:04.113Z\",\"critic\":\"process\",\"status\":\"escalate\"}\n\n⎯⎯⎯⎯⎯⎯⎯ Failed Tests 4 ⎯⎯⎯⎯⎯⎯⎯\n\n FAIL  src/critics/__tests__/process_critic.test.ts > ProcessCritic > passes when tests section lists concrete tests\nAssertionError: expected false to be true // Object.is equality\n\n\u001b[32m- Expected\u001b[39m\n\u001b[31m+ Received\u001b[39m\n\n\u001b[32m- true\u001b[39m\n\u001b[31m+ false\u001b[39m\n\n ❯ src/critics/__tests__/process_critic.test.ts:130:27\n    128|     await writeFileAndStage(workspace, \"state/evidence/TEST/plan.md\", …\n    129|     const result = await critic.run(\"default\");\n    130|     expect(result.passed).toBe(true);\n       |                           ^\n    131|   });\n    132| \n\n⎯⎯⎯⎯⎯⎯⎯⎯⎯⎯⎯⎯⎯⎯⎯⎯⎯⎯⎯⎯⎯⎯⎯⎯[1/4]⎯\n\n FAIL  src/critics/__tests__/process_critic.test.ts > ProcessCritic > allows docs-only plan when explicitly marked\nAssertionError: expected false to be true // Object.is equality\n\n\u001b[32m- Expected\u001b[39m\n\u001b[31m+ Received\u001b[39m\n\n\u001b[32m- true\u001b[39m\n\u001b[31m+ false\u001b[39m\n\n ❯ src/critics/__tests__/process_critic.test.ts:141:27\n    139|     await writeFileAndStage(workspace, \"state/evidence/TEST/plan.md\", …\n    140|     const result = await critic.run(\"default\");\n    141|     expect(result.passed).toBe(true);\n       |                           ^\n    142|   });\n    143| \n\n⎯⎯⎯⎯⎯⎯⎯⎯⎯⎯⎯⎯⎯⎯⎯⎯⎯⎯⎯⎯⎯⎯⎯⎯[2/4]⎯\n\n FAIL  src/critics/__tests__/process_critic.test.ts > ProcessCritic > passes when autopilot plan lists Wave 0 live smoke\nAssertionError: expected false to be true // Object.is equality\n\n\u001b[32m- Expected\u001b[39m\n\u001b[31m+ Received\u001b[39m\n\n\u001b[32m- true\u001b[39m\n\u001b[31m+ false\u001b[39m\n\n ❯ src/critics/__tests__/process_critic.test.ts:195:27\n    193|     await writeFileAndStage(workspace, \"state/evidence/AFP-W0/plan.md\"…\n    194|     const result = await critic.run(\"default\");\n    195|     expect(result.passed).toBe(true);\n       |                           ^\n    196|   });\n    197| \n\n⎯⎯⎯⎯⎯⎯⎯⎯⎯⎯⎯⎯⎯⎯⎯⎯⎯⎯⎯⎯⎯⎯⎯⎯[3/4]⎯\n\n FAIL  src/critics/__tests__/process_critic.test.ts > ProcessCritic > passes when daily audit exists and overrides are fresh\nAssertionError: expected false to be true // Object.is equality\n\n\u001b[32m- Expected\u001b[39m\n\u001b[31m+ Received\u001b[39m\n\n\u001b[32m- true\u001b[39m\n\u001b[31m+ false\u001b[39m\n\n ❯ src/critics/__tests__/process_critic.test.ts:261:27\n    259| \n    260|     const result = await critic.run(\"default\");\n    261|     expect(result.passed).toBe(true);\n       |                           ^\n    262|   });\n    263| });\n\n⎯⎯⎯⎯⎯⎯⎯⎯⎯⎯⎯⎯⎯⎯⎯⎯⎯⎯⎯⎯⎯⎯⎯⎯[4/4]⎯"},{"name":"rotate_overrides_dry_run","status":"pass","durationMs":33,"output":"Archived 64 entries to /Volumes/BigSSD4/nathanielschmiedehaus/Documents/WeatherVane/state/analytics/override_history/2025-11-16T12-54-04Z-overrides.jsonl.gz. Remaining: 0. Warnings:"},{"name":"daily_audit_fresh","status":"fail","info":{"latest":"AFP-ARTIFACT-AUDIT-20251106","summaryExists":true,"hoursSince":252.9,"message":"Last audit AFP-ARTIFACT-AUDIT-20251106 is older than 24 hours."}},{"name":"wave0_proof_evidence","status":"pass","missing":[]}]}
{"timestamp":"2025-11-16T13:39:18.976Z","ci":false,"dryRun":false,"overallStatus":"fail","results":[{"name":"process_critic_tests","status":"pass","durationMs":6023,"output":"> wvo-mcp-server@0.1.0 pretest\n> node ./scripts/ensure-sqlite-build.mjs\n\n\n> wvo-mcp-server@0.1.0 test\n> node ./scripts/run_vitest.mjs process_critic\n\n\n> wvo-mcp-server@0.1.0 build\n> tsc --project tsconfig.json\n\n\n RUN  v3.2.4 /Volumes/BigSSD4/nathanielschmiedehaus/Documents/WeatherVane/tools/wvo_mcp\n\n ✓ src/critics/__tests__/process_critic.test.ts (12 tests) 1096ms\n\n Test Files  1 passed (1)\n      Tests  12 passed (12)\n   Start at  07:39:17\n   Duration  1.40s (transform 80ms, setup 0ms, collect 117ms, tests 1.10s, environment 0ms, prepare 39ms)"},{"name":"rotate_overrides_dry_run","status":"pass","durationMs":33,"output":"Archived 64 entries to /Volumes/BigSSD4/nathanielschmiedehaus/Documents/WeatherVane/state/analytics/override_history/2025-11-16T13-39-18Z-overrides.jsonl.gz. Remaining: 0. Warnings:"},{"name":"daily_audit_fresh","status":"fail","info":{"latest":"AFP-ARTIFACT-AUDIT-20251106","summaryExists":true,"hoursSince":253.66,"message":"Last audit AFP-ARTIFACT-AUDIT-20251106 is older than 24 hours."}},{"name":"wave0_proof_evidence","status":"pass","missing":[]}]}
{"timestamp":"2025-11-16T13:40:41.606Z","ci":false,"dryRun":false,"overallStatus":"pass","results":[{"name":"process_critic_tests","status":"pass","durationMs":6024,"output":"> wvo-mcp-server@0.1.0 pretest\n> node ./scripts/ensure-sqlite-build.mjs\n\n\n> wvo-mcp-server@0.1.0 test\n> node ./scripts/run_vitest.mjs process_critic\n\n\n> wvo-mcp-server@0.1.0 build\n> tsc --project tsconfig.json\n\n\n RUN  v3.2.4 /Volumes/BigSSD4/nathanielschmiedehaus/Documents/WeatherVane/tools/wvo_mcp\n\n ✓ src/critics/__tests__/process_critic.test.ts (12 tests) 1106ms\n\n Test Files  1 passed (1)\n      Tests  12 passed (12)\n   Start at  07:40:40\n   Duration  1.41s (transform 91ms, setup 0ms, collect 119ms, tests 1.11s, environment 0ms, prepare 39ms)"},{"name":"rotate_overrides_dry_run","status":"pass","durationMs":31,"output":"No overrides older than threshold. Entries kept: 0. Warnings:"},{"name":"daily_audit_fresh","status":"pass","info":{"latest":"AFP-ARTIFACT-AUDIT-20251116","summaryExists":true,"hoursSince":13.68}},{"name":"wave0_proof_evidence","status":"pass","missing":[]}]}
{"timestamp":"2025-11-19T20:57:52.922Z","ci":false,"dryRun":false,"overallStatus":"fail","results":[{"name":"process_critic_tests","status":"pass","durationMs":6549,"output":"> wvo-mcp-server@0.1.0 pretest\n> node ./scripts/ensure-sqlite-build.mjs\n\n\n> wvo-mcp-server@0.1.0 test\n> node ./scripts/run_vitest.mjs process_critic\n\n\n> wvo-mcp-server@0.1.0 build\n> tsc --project tsconfig.json\n\n\n RUN  v3.2.4 /Volumes/BigSSD4/nathanielschmiedehaus/Documents/WeatherVane/tools/wvo_mcp\n\n ✓ src/critics/__tests__/process_critic.test.ts (12 tests) 1133ms\n\n Test Files  1 passed (1)\n      Tests  12 passed (12)\n   Start at  14:57:51\n   Duration  1.52s (transform 149ms, setup 0ms, collect 171ms, tests 1.13s, environment 0ms, prepare 46ms)"},{"name":"rotate_overrides_dry_run","status":"pass","durationMs":32,"output":"No overrides older than threshold. Entries kept: 0. Warnings:"},{"name":"daily_audit_fresh","status":"fail","info":{"latest":"AFP-ARTIFACT-AUDIT-20251116","summaryExists":true,"hoursSince":92.96,"message":"Last audit AFP-ARTIFACT-AUDIT-20251116 is older than 24 hours."}},{"name":"wave0_proof_evidence","status":"pass","missing":[]}]}
{"timestamp":"2025-11-19T21:07:44.405Z","ci":false,"dryRun":false,"overallStatus":"fail","results":[{"name":"process_critic_tests","status":"pass","durationMs":6542,"output":"> wvo-mcp-server@0.1.0 pretest\n> node ./scripts/ensure-sqlite-build.mjs\n\n\n> wvo-mcp-server@0.1.0 test\n> node ./scripts/run_vitest.mjs process_critic\n\n\n> wvo-mcp-server@0.1.0 build\n> tsc --project tsconfig.json\n\n\n RUN  v3.2.4 /Volumes/BigSSD4/nathanielschmiedehaus/Documents/WeatherVane/tools/wvo_mcp\n\n ✓ src/critics/__tests__/process_critic.test.ts (12 tests) 1135ms\n\n Test Files  1 passed (1)\n      Tests  12 passed (12)\n   Start at  15:07:42\n   Duration  1.51s (transform 146ms, setup 0ms, collect 174ms, tests 1.13s, environment 0ms, prepare 46ms)"},{"name":"rotate_overrides_dry_run","status":"pass","durationMs":32,"output":"No overrides older than threshold. Entries kept: 0. Warnings:"},{"name":"daily_audit_fresh","status":"fail","info":{"latest":"AFP-ARTIFACT-AUDIT-20251116","summaryExists":true,"hoursSince":93.13,"message":"Last audit AFP-ARTIFACT-AUDIT-20251116 is older than 24 hours."}},{"name":"wave0_proof_evidence","status":"pass","missing":[]}]}
{"timestamp":"2025-11-19T21:18:26.090Z","ci":false,"dryRun":false,"overallStatus":"pass","results":[{"name":"process_critic_tests","status":"pass","durationMs":6823,"output":"> wvo-mcp-server@0.1.0 pretest\n> node ./scripts/ensure-sqlite-build.mjs\n\n\n> wvo-mcp-server@0.1.0 test\n> node ./scripts/run_vitest.mjs process_critic\n\n\n> wvo-mcp-server@0.1.0 build\n> tsc --project tsconfig.json\n\n\n RUN  v3.2.4 /Volumes/BigSSD4/nathanielschmiedehaus/Documents/WeatherVane/tools/wvo_mcp\n\n ✓ src/critics/__tests__/process_critic.test.ts (12 tests) 1173ms\n\n Test Files  1 passed (1)\n      Tests  12 passed (12)\n   Start at  15:18:24\n   Duration  1.57s (transform 149ms, setup 0ms, collect 177ms, tests 1.17s, environment 0ms, prepare 52ms)"},{"name":"rotate_overrides_dry_run","status":"pass","durationMs":33,"output":"No overrides older than threshold. Entries kept: 0. Warnings:"},{"name":"daily_audit_fresh","status":"pass","info":{"latest":"AFP-ARTIFACT-AUDIT-20251119","summaryExists":true,"hoursSince":21.31}},{"name":"wave0_proof_evidence","status":"pass","missing":[]}]}
