{
  "critic": "integrationfury",
  "code": 1,
  "stdout": "============================= test session starts ==============================\nplatform darwin -- Python 3.10.12, pytest-8.4.2, pluggy-1.6.0\nrootdir: /Volumes/BigSSD4/nathanielschmiedehaus/Documents/WeatherVane\nconfigfile: pyproject.toml\nplugins: anyio-4.11.0, asyncio-1.2.0\nasyncio: mode=strict, debug=False, asyncio_default_fixture_loop_scope=None, asyncio_default_test_loop_scope=function\ncollected 242 items\n\ntests/api/onboarding/test_progress.py ....                               [  1%]\ntests/api/test_ad_push_routes.py ....                                    [  3%]\ntests/api/test_dashboard_service.py .                                    [  3%]\ntests/api/test_plan_routes.py ..                                         [  4%]\ntests/apps/model/test_baseline.py ...                                    [  5%]\ntests/apps/model/test_causal_uplift.py ....                              [  7%]\ntests/apps/model/test_creative_response.py ..                            [  8%]\ntests/apps/model/test_train.py .                                         [  8%]\ntests/apps/model/test_ts_training.py ..                                  [  9%]\ntests/apps/test_ad_push_repository.py ..                                 [ 10%]\ntests/apps/test_adaptive_scheduler.py ...                                [ 11%]\ntests/apps/test_allocator_rollback_executor.py ..                        [ 12%]\ntests/apps/test_dq_monitoring.py .....                                   [ 14%]\ntests/apps/test_google_ads.py ....                                       [ 16%]\ntests/apps/test_meta_ads.py ........                                     [ 19%]\ntests/apps/test_meta_sandbox_executor.py ..                              [ 20%]\ntests/model/test_ensemble.py ..                                          [ 21%]\ntests/model/test_performance_tracker.py ...                              [ 22%]\ntests/model/test_quantile_calibration.py ....                            [ 23%]\ntests/model/test_uplift.py ..                                            [ 24%]\ntests/shared/diffs/test_ad_push.py ...                                   [ 26%]\ntests/shared/libs/test_hardware_probe.py ....                            [ 27%]\ntests/test_ads_ingestion.py .                                            [ 28%]\ntests/test_ads_ingestor_fixtures.py .                                    [ 28%]\ntests/test_allocator.py ..                                               [ 29%]\ntests/test_allocator_hf_response.py ..                                   [ 30%]\ntests/test_allocator_routes.py ..                                        [ 30%]\ntests/test_allocator_stress.py ..                                        [ 31%]\ntests/test_audit.py .                                                    [ 32%]\ntests/test_automation_notifications.py ..                                [ 33%]\ntests/test_automation_service_contracts.py ..                            [ 33%]\ntests/test_catalog.py ..                                                 [ 34%]\ntests/test_catalog_service_contracts.py .                                [ 35%]\ntests/test_command_allowlist.py .....                                    [ 37%]\ntests/test_confidence_metrics.py ...                                     [ 38%]\ntests/test_context_tags.py .                                             [ 38%]\ntests/test_context_warnings.py ....                                      [ 40%]\ntests/test_creative_route.py .                                           [ 40%]\ntests/test_data_context.py .                                             [ 41%]\ntests/test_feature_builder.py .....                                      [ 43%]\ntests/test_feature_generators.py ..                                      [ 44%]\ntests/test_feature_validation.py ....                                    [ 45%]\ntests/test_geocoding.py .....                                            [ 47%]\ntests/test_geocoding_coverage.py .                                       [ 48%]\ntests/test_geocoding_coverage_cli.py ...                                 [ 49%]\ntests/test_geocoding_validation.py ....                                  [ 51%]\ntests/test_google_ads_connector.py ..                                    [ 52%]\ntests/test_health.py .                                                   [ 52%]\ntests/test_incremental_ingestion.py .                                    [ 52%]\ntests/test_incrementality.py ........                                    [ 56%]\ntests/test_ingestion_flow.py .                                           [ 56%]\ntests/test_lake_writer.py ...                                            [ 57%]\ntests/test_marketing_mix_solver.py ..                                    [ 58%]\ntests/test_mcp_tools.py ..F\n\n=================================== FAILURES ===================================\n_______ test_dry_run_blocks_mutating_tools[tools/wvo_mcp/dist/index.js] ________\n\nentry_path = 'tools/wvo_mcp/dist/index.js'\n\n    @pytest.mark.parametrize(\n        \"entry_path\",\n        [\n            \"tools/wvo_mcp/dist/index.js\",\n            \"tools/wvo_mcp/dist/index-claude.js\",\n        ],\n    )\n    def test_dry_run_blocks_mutating_tools(entry_path: str) -> None:\n        with MCPTestClient(entry_path, {\"WVO_DRY_RUN\": \"1\"}) as client:\n            result = client.call_tool(\n                \"context_write\",\n                {\"section\": \"dry-run-check\", \"content\": \"mutations should fail\", \"append\": False},\n            )\n        if \"isError\" in result:\n            assert result[\"isError\"] is True\n        texts = [chunk.get(\"text\", \"\") for chunk in result.get(\"content\", []) if isinstance(chunk, dict)]\n>       assert any(\"Dry-run mode forbids\" in text for text in texts)\nE       assert False\nE        +  where False = any(<generator object test_dry_run_blocks_mutating_tools.<locals>.<genexpr> at 0x10689ccf0>)\n\ntests/test_mcp_tools.py:280: AssertionError\n=============================== warnings summary ===============================\n../../miniforge3/lib/python3.10/site-packages/starlette/formparsers.py:10\n  /Volumes/BigSSD4/nathanielschmiedehaus/miniforge3/lib/python3.10/site-packages/starlette/formparsers.py:10: PendingDeprecationWarning: Please use `import python_multipart` instead.\n    import multipart\n\n.deps/pydantic/v1/env_settings.py:101\n  /Volumes/BigSSD4/nathanielschmiedehaus/Documents/WeatherVane/.deps/pydantic/v1/env_settings.py:101: FutureWarning: aliases are no longer used by BaseSettings to define which environment variables to read. Instead use the \"env\" field setting. See https://pydantic-docs.helpmanual.io/usage/settings/#environment-variable-names\n    warnings.warn(\n\n.deps/pydantic/_internal/_config.py:291\n  /Volumes/BigSSD4/nathanielschmiedehaus/Documents/WeatherVane/.deps/pydantic/_internal/_config.py:291: PydanticDeprecatedSince20: Support for class-based `config` is deprecated, use ConfigDict instead. Deprecated in Pydantic V2.0 to be removed in V3.0. See Pydantic V2 Migration Guide at https://errors.pydantic.dev/2.9/migration/\n    warnings.warn(DEPRECATION_MESSAGE, DeprecationWarning)\n\n.deps/pydantic/_internal/_generate_schema.py:312: 28 warnings\ntests/api/onboarding/test_progress.py: 8 warnings\ntests/api/test_ad_push_routes.py: 8 warnings\ntests/api/test_plan_routes.py: 3 warnings\n  /Volumes/BigSSD4/nathanielschmiedehaus/Documents/WeatherVane/.deps/pydantic/_internal/_generate_schema.py:312: PydanticDeprecatedSince20: `json_encoders` is deprecated. See https://docs.pydantic.dev/2.9/concepts/serialization/#custom-serializers for alternatives. Deprecated in Pydantic V2.0 to be removed in V3.0. See Pydantic V2 Migration Guide at https://errors.pydantic.dev/2.9/migration/\n    warnings.warn(\n\n-- Docs: https://docs.pytest.org/en/stable/how-to/capture-warnings.html\n=========================== short test summary info ============================\nFAILED tests/test_mcp_tools.py::test_dry_run_blocks_mutating_tools[tools/wvo_mcp/dist/index.js]\n!!!!!!!!!!!!!!!!!!!!!!!!!! stopping after 1 failures !!!!!!!!!!!!!!!!!!!!!!!!!!!\n================= 1 failed, 144 passed, 50 warnings in 24.76s ==================",
  "stderr": "",
  "passed": false,
  "analysis": {
    "category": "unknown_failure",
    "confidence": 0.4,
    "rootCauses": [
      "Critic command failed with unclassified error"
    ],
    "recommendations": [
      "Review stderr output for additional clues.",
      "Capture repro steps for diagnosis.",
      "Review alternative implementation options supplied by the research layer."
    ],
    "history": {
      "totalObservations": 20,
      "similarFailures": 8
    },
    "researchFindings": [
      {
        "id": "stub-academic-1760644738290",
        "title": "Research stub for integrationfury critic unknown_failure failure",
        "summary": "Academic research integration is not yet implemented. Enable the research_layer flag once ready.",
        "source": "placeholder",
        "confidence": 0.1
      }
    ],
    "alternativeOptions": [
      {
        "id": "stub-alternative-1760644738291",
        "title": "Alternative placeholder for integrationfury critic remediation",
        "summary": "Alternative generation is not yet implemented. This entry is returned to keep the pipeline stable.",
        "pros": [
          "Placeholder recommendation"
        ],
        "cons": [
          "No real evaluation available"
        ],
        "confidence": 0.1
      }
    ]
  },
  "git_sha": "a9b2c543d3f630fb4a1c37dbcf74548b8853b762",
  "timestamp": "2025-10-17T17:16:11.803Z",
  "identity": {
    "title": "Integration Fury",
    "mission": "Safeguard integration_fury discipline.",
    "powers": [
      "Reports on findings when configuration is missing."
    ],
    "authority": "advisory",
    "domain": "integration_fury"
  }
}